<?xml version="1.0" encoding="UTF-8"?>
<testng-results ignored="0" total="1" passed="1" failed="0" skipped="0">
  <reporter-output>
  </reporter-output>
  <suite started-at="2025-08-30T00:08:00 IST" name="Suite" finished-at="2025-08-30T00:08:29 IST" duration-ms="28774">
    <groups>
    </groups>
    <test started-at="2025-08-30T00:08:00 IST" name="Test" finished-at="2025-08-30T00:08:29 IST" duration-ms="28774">
      <class name="com.Goggle_Nukari_Profile_Page.Goggle_Nukari_Profile_Update">
        <test-method signature="Nukauri_Profile_Update()[pri:0, instance:com.Goggle_Nukari_Profile_Page.Goggle_Nukari_Profile_Update@56e07a08]" started-at="2025-08-30T00:08:00 IST" name="Nukauri_Profile_Update" finished-at="2025-08-30T00:08:29 IST" duration-ms="28744" status="PASS">
          <reporter-output>
          </reporter-output>
        </test-method> <!-- Nukauri_Profile_Update -->
      </class> <!-- com.Goggle_Nukari_Profile_Page.Goggle_Nukari_Profile_Update -->
    </test> <!-- Test -->
  </suite> <!-- Suite -->
</testng-results>
